{"C:\\git_projects\\vanilla-delegation\\vanilla-delegation.js": {"path":"C:\\git_projects\\vanilla-delegation\\vanilla-delegation.js","statementMap":{"0":{"start":{"line":1,"column":28},"end":{"line":1,"column":64}},"1":{"start":{"line":2,"column":31},"end":{"line":2,"column":70}},"2":{"start":{"line":4,"column":0},"end":{"line":9,"column":5}},"3":{"start":{"line":5,"column":2},"end":{"line":5,"column":69}},"4":{"start":{"line":6,"column":2},"end":{"line":6,"column":75}},"5":{"start":{"line":7,"column":2},"end":{"line":7,"column":70}},"6":{"start":{"line":8,"column":2},"end":{"line":8,"column":76}}},"fnMap":{"0":{"name":"(anonymous_0)","decl":{"start":{"line":4,"column":1},"end":{"line":4,"column":2}},"loc":{"start":{"line":4,"column":13},"end":{"line":9,"column":1}},"line":4}},"branchMap":{},"s":{"0":1,"1":1,"2":1,"3":1,"4":1,"5":1,"6":1},"f":{"0":1},"b":{},"_coverageSchema":"43e27e138ebf9cfc5966b082cf9a028302ed4184","hash":"983d83f7ccaefebf7ba4444e64738d6fbd28bff5"}
,"C:\\git_projects\\vanilla-delegation\\src\\addDelegateListener.js": {"path":"C:\\git_projects\\vanilla-delegation\\src\\addDelegateListener.js","statementMap":{"0":{"start":{"line":1,"column":37},"end":{"line":1,"column":61}},"1":{"start":{"line":2,"column":31},"end":{"line":2,"column":72}},"2":{"start":{"line":11,"column":37},"end":{"line":37,"column":1}},"3":{"start":{"line":12,"column":22},"end":{"line":16,"column":4}},"4":{"start":{"line":18,"column":2},"end":{"line":23,"column":3}},"5":{"start":{"line":19,"column":4},"end":{"line":21,"column":84}},"6":{"start":{"line":22,"column":4},"end":{"line":22,"column":11}},"7":{"start":{"line":25,"column":24},"end":{"line":25,"column":71}},"8":{"start":{"line":27,"column":2},"end":{"line":27,"column":64}},"9":{"start":{"line":29,"column":2},"end":{"line":29,"column":69}},"10":{"start":{"line":29,"column":36},"end":{"line":29,"column":69}},"11":{"start":{"line":31,"column":2},"end":{"line":31,"column":34}},"12":{"start":{"line":31,"column":27},"end":{"line":31,"column":34}},"13":{"start":{"line":33,"column":2},"end":{"line":36,"column":4}},"14":{"start":{"line":46,"column":28},"end":{"line":66,"column":1}},"15":{"start":{"line":47,"column":2},"end":{"line":50,"column":3}},"16":{"start":{"line":48,"column":4},"end":{"line":48,"column":61}},"17":{"start":{"line":49,"column":4},"end":{"line":49,"column":11}},"18":{"start":{"line":52,"column":2},"end":{"line":58,"column":3}},"19":{"start":{"line":53,"column":19},"end":{"line":53,"column":30}},"20":{"start":{"line":54,"column":4},"end":{"line":56,"column":5}},"21":{"start":{"line":54,"column":17},"end":{"line":54,"column":18}},"22":{"start":{"line":55,"column":6},"end":{"line":55,"column":90}},"23":{"start":{"line":57,"column":4},"end":{"line":57,"column":11}},"24":{"start":{"line":60,"column":2},"end":{"line":63,"column":3}},"25":{"start":{"line":61,"column":4},"end":{"line":61,"column":86}},"26":{"start":{"line":62,"column":4},"end":{"line":62,"column":11}},"27":{"start":{"line":65,"column":2},"end":{"line":65,"column":59}},"28":{"start":{"line":68,"column":0},"end":{"line":68,"column":37}}},"fnMap":{"0":{"name":"_addDelegateListenerInternal","decl":{"start":{"line":11,"column":46},"end":{"line":11,"column":74}},"loc":{"start":{"line":11,"column":118},"end":{"line":37,"column":1}},"line":11},"1":{"name":"addDelegateListener","decl":{"start":{"line":46,"column":37},"end":{"line":46,"column":56}},"loc":{"start":{"line":46,"column":108},"end":{"line":66,"column":1}},"line":46}},"branchMap":{"0":{"loc":{"start":{"line":18,"column":2},"end":{"line":23,"column":3}},"type":"if","locations":[{"start":{"line":18,"column":2},"end":{"line":23,"column":3}},{"start":{"line":18,"column":2},"end":{"line":23,"column":3}}],"line":18},"1":{"loc":{"start":{"line":18,"column":6},"end":{"line":18,"column":79}},"type":"binary-expr","locations":[{"start":{"line":18,"column":6},"end":{"line":18,"column":33}},{"start":{"line":18,"column":37},"end":{"line":18,"column":79}}],"line":18},"2":{"loc":{"start":{"line":29,"column":2},"end":{"line":29,"column":69}},"type":"if","locations":[{"start":{"line":29,"column":2},"end":{"line":29,"column":69}},{"start":{"line":29,"column":2},"end":{"line":29,"column":69}}],"line":29},"3":{"loc":{"start":{"line":31,"column":2},"end":{"line":31,"column":34}},"type":"if","locations":[{"start":{"line":31,"column":2},"end":{"line":31,"column":34}},{"start":{"line":31,"column":2},"end":{"line":31,"column":34}}],"line":31},"4":{"loc":{"start":{"line":46,"column":88},"end":{"line":46,"column":106}},"type":"default-arg","locations":[{"start":{"line":46,"column":101},"end":{"line":46,"column":106}}],"line":46},"5":{"loc":{"start":{"line":47,"column":2},"end":{"line":50,"column":3}},"type":"if","locations":[{"start":{"line":47,"column":2},"end":{"line":50,"column":3}},{"start":{"line":47,"column":2},"end":{"line":50,"column":3}}],"line":47},"6":{"loc":{"start":{"line":47,"column":6},"end":{"line":47,"column":94}},"type":"binary-expr","locations":[{"start":{"line":47,"column":6},"end":{"line":47,"column":32}},{"start":{"line":47,"column":36},"end":{"line":47,"column":61}},{"start":{"line":47,"column":65},"end":{"line":47,"column":94}}],"line":47},"7":{"loc":{"start":{"line":52,"column":2},"end":{"line":58,"column":3}},"type":"if","locations":[{"start":{"line":52,"column":2},"end":{"line":58,"column":3}},{"start":{"line":52,"column":2},"end":{"line":58,"column":3}}],"line":52},"8":{"loc":{"start":{"line":52,"column":6},"end":{"line":52,"column":64}},"type":"binary-expr","locations":[{"start":{"line":52,"column":6},"end":{"line":52,"column":30}},{"start":{"line":52,"column":34},"end":{"line":52,"column":64}}],"line":52},"9":{"loc":{"start":{"line":60,"column":2},"end":{"line":63,"column":3}},"type":"if","locations":[{"start":{"line":60,"column":2},"end":{"line":63,"column":3}},{"start":{"line":60,"column":2},"end":{"line":63,"column":3}}],"line":60}},"s":{"0":2,"1":2,"2":2,"3":7,"4":7,"5":1,"6":1,"7":6,"8":6,"9":6,"10":6,"11":6,"12":0,"13":6,"14":2,"15":7,"16":1,"17":1,"18":6,"19":2,"20":2,"21":2,"22":4,"23":2,"24":4,"25":3,"26":3,"27":1,"28":2},"f":{"0":7,"1":7},"b":{"0":[1,6],"1":[7,1],"2":[6,0],"3":[0,6],"4":[0],"5":[1,6],"6":[7,6,6],"7":[2,4],"8":[6,5],"9":[3,1]},"_coverageSchema":"43e27e138ebf9cfc5966b082cf9a028302ed4184","hash":"3b356ed733d49eedc1021eadc9ea6ffa202226c4"}
,"C:\\git_projects\\vanilla-delegation\\src\\removeDelegateListener.js": {"path":"C:\\git_projects\\vanilla-delegation\\src\\removeDelegateListener.js","statementMap":{"0":{"start":{"line":1,"column":37},"end":{"line":1,"column":61}},"1":{"start":{"line":10,"column":31},"end":{"line":26,"column":1}},"2":{"start":{"line":11,"column":2},"end":{"line":14,"column":3}},"3":{"start":{"line":12,"column":4},"end":{"line":12,"column":123}},"4":{"start":{"line":13,"column":4},"end":{"line":13,"column":10}},"5":{"start":{"line":16,"column":14},"end":{"line":20,"column":4}},"6":{"start":{"line":22,"column":2},"end":{"line":25,"column":3}},"7":{"start":{"line":23,"column":4},"end":{"line":23,"column":130}},"8":{"start":{"line":24,"column":4},"end":{"line":24,"column":43}},"9":{"start":{"line":28,"column":0},"end":{"line":28,"column":40}}},"fnMap":{"0":{"name":"removeDelegateListener","decl":{"start":{"line":10,"column":40},"end":{"line":10,"column":62}},"loc":{"start":{"line":10,"column":114},"end":{"line":26,"column":1}},"line":10}},"branchMap":{"0":{"loc":{"start":{"line":10,"column":94},"end":{"line":10,"column":112}},"type":"default-arg","locations":[{"start":{"line":10,"column":107},"end":{"line":10,"column":112}}],"line":10},"1":{"loc":{"start":{"line":11,"column":2},"end":{"line":14,"column":3}},"type":"if","locations":[{"start":{"line":11,"column":2},"end":{"line":14,"column":3}},{"start":{"line":11,"column":2},"end":{"line":14,"column":3}}],"line":11},"2":{"loc":{"start":{"line":11,"column":6},"end":{"line":11,"column":117}},"type":"binary-expr","locations":[{"start":{"line":11,"column":6},"end":{"line":11,"column":32}},{"start":{"line":11,"column":36},"end":{"line":11,"column":61}},{"start":{"line":11,"column":65},"end":{"line":11,"column":94}},{"start":{"line":11,"column":98},"end":{"line":11,"column":117}}],"line":11},"3":{"loc":{"start":{"line":22,"column":2},"end":{"line":25,"column":3}},"type":"if","locations":[{"start":{"line":22,"column":2},"end":{"line":25,"column":3}},{"start":{"line":22,"column":2},"end":{"line":25,"column":3}}],"line":22},"4":{"loc":{"start":{"line":22,"column":6},"end":{"line":22,"column":71}},"type":"binary-expr","locations":[{"start":{"line":22,"column":6},"end":{"line":22,"column":33}},{"start":{"line":22,"column":37},"end":{"line":22,"column":71}}],"line":22}},"s":{"0":2,"1":2,"2":2,"3":1,"4":1,"5":1,"6":1,"7":1,"8":1,"9":2},"f":{"0":2},"b":{"0":[1],"1":[1,1],"2":[2,1,1,1],"3":[1,0],"4":[1,1]},"_coverageSchema":"43e27e138ebf9cfc5966b082cf9a028302ed4184","hash":"0b6e69b87825ba85bd859d4ade18e8a7b2b9fdb1"}
,"C:\\git_projects\\vanilla-delegation\\src\\utils\\_createInternalHandler.js": {"path":"C:\\git_projects\\vanilla-delegation\\src\\utils\\_createInternalHandler.js","statementMap":{"0":{"start":{"line":1,"column":27},"end":{"line":1,"column":58}},"1":{"start":{"line":9,"column":31},"end":{"line":22,"column":1}},"2":{"start":{"line":11,"column":2},"end":{"line":21,"column":45}},"3":{"start":{"line":13,"column":25},"end":{"line":13,"column":73}},"4":{"start":{"line":15,"column":4},"end":{"line":20,"column":5}},"5":{"start":{"line":17,"column":6},"end":{"line":17,"column":34}},"6":{"start":{"line":18,"column":6},"end":{"line":18,"column":42}},"7":{"start":{"line":24,"column":0},"end":{"line":24,"column":40}}},"fnMap":{"0":{"name":"(anonymous_0)","decl":{"start":{"line":9,"column":31},"end":{"line":9,"column":32}},"loc":{"start":{"line":9,"column":77},"end":{"line":22,"column":1}},"line":9},"1":{"name":"(anonymous_1)","decl":{"start":{"line":11,"column":9},"end":{"line":11,"column":10}},"loc":{"start":{"line":11,"column":45},"end":{"line":21,"column":3}},"line":11}},"branchMap":{"0":{"loc":{"start":{"line":15,"column":4},"end":{"line":20,"column":5}},"type":"if","locations":[{"start":{"line":15,"column":4},"end":{"line":20,"column":5}},{"start":{"line":15,"column":4},"end":{"line":20,"column":5}}],"line":15}},"s":{"0":3,"1":3,"2":8,"3":2,"4":2,"5":1,"6":1,"7":3},"f":{"0":8,"1":2},"b":{"0":[1,1]},"_coverageSchema":"43e27e138ebf9cfc5966b082cf9a028302ed4184","hash":"f7a63947fb84f80fc9b8f2f14399d08ad6a9f4f8"}
,"C:\\git_projects\\vanilla-delegation\\src\\utils\\_getMatchedElement.js": {"path":"C:\\git_projects\\vanilla-delegation\\src\\utils\\_getMatchedElement.js","statementMap":{"0":{"start":{"line":5,"column":0},"end":{"line":7,"column":1}},"1":{"start":{"line":6,"column":2},"end":{"line":6,"column":109}},"2":{"start":{"line":15,"column":27},"end":{"line":24,"column":1}},"3":{"start":{"line":17,"column":23},"end":{"line":17,"column":24}},"4":{"start":{"line":19,"column":2},"end":{"line":21,"column":3}},"5":{"start":{"line":19,"column":16},"end":{"line":19,"column":23}},"6":{"start":{"line":20,"column":4},"end":{"line":20,"column":40}},"7":{"start":{"line":20,"column":30},"end":{"line":20,"column":40}},"8":{"start":{"line":23,"column":2},"end":{"line":23,"column":114}},"9":{"start":{"line":26,"column":0},"end":{"line":26,"column":36}}},"fnMap":{"0":{"name":"(anonymous_0)","decl":{"start":{"line":15,"column":27},"end":{"line":15,"column":28}},"loc":{"start":{"line":15,"column":73},"end":{"line":24,"column":1}},"line":15}},"branchMap":{"0":{"loc":{"start":{"line":5,"column":0},"end":{"line":7,"column":1}},"type":"if","locations":[{"start":{"line":5,"column":0},"end":{"line":7,"column":1}},{"start":{"line":5,"column":0},"end":{"line":7,"column":1}}],"line":5},"1":{"loc":{"start":{"line":6,"column":30},"end":{"line":6,"column":108}},"type":"binary-expr","locations":[{"start":{"line":6,"column":30},"end":{"line":6,"column":65}},{"start":{"line":6,"column":69},"end":{"line":6,"column":108}}],"line":6},"2":{"loc":{"start":{"line":19,"column":25},"end":{"line":19,"column":85}},"type":"binary-expr","locations":[{"start":{"line":19,"column":25},"end":{"line":19,"column":27}},{"start":{"line":19,"column":31},"end":{"line":19,"column":59}},{"start":{"line":19,"column":63},"end":{"line":19,"column":85}}],"line":19},"3":{"loc":{"start":{"line":20,"column":4},"end":{"line":20,"column":40}},"type":"if","locations":[{"start":{"line":20,"column":4},"end":{"line":20,"column":40}},{"start":{"line":20,"column":4},"end":{"line":20,"column":40}}],"line":20},"4":{"loc":{"start":{"line":23,"column":9},"end":{"line":23,"column":113}},"type":"cond-expr","locations":[{"start":{"line":23,"column":90},"end":{"line":23,"column":105}},{"start":{"line":23,"column":108},"end":{"line":23,"column":113}}],"line":23},"5":{"loc":{"start":{"line":23,"column":9},"end":{"line":23,"column":87}},"type":"binary-expr","locations":[{"start":{"line":23,"column":9},"end":{"line":23,"column":50}},{"start":{"line":23,"column":54},"end":{"line":23,"column":87}}],"line":23}},"s":{"0":4,"1":0,"2":4,"3":3,"4":3,"5":3,"6":8,"7":1,"8":2,"9":4},"f":{"0":3},"b":{"0":[0,4],"1":[0,0],"2":[10,9,9],"3":[1,7],"4":[0,2],"5":[2,1]},"_coverageSchema":"43e27e138ebf9cfc5966b082cf9a028302ed4184","hash":"c4dcf344efc99457d28e180a9863381f94e58f81"}
,"C:\\git_projects\\vanilla-delegation\\src\\utils\\utils.js": {"path":"C:\\git_projects\\vanilla-delegation\\src\\utils\\utils.js","statementMap":{"0":{"start":{"line":6,"column":19},"end":{"line":8,"column":1}},"1":{"start":{"line":7,"column":2},"end":{"line":7,"column":22}},"2":{"start":{"line":15,"column":23},"end":{"line":17,"column":1}},"3":{"start":{"line":16,"column":2},"end":{"line":16,"column":59}},"4":{"start":{"line":19,"column":0},"end":{"line":22,"column":2}}},"fnMap":{"0":{"name":"(anonymous_0)","decl":{"start":{"line":6,"column":19},"end":{"line":6,"column":20}},"loc":{"start":{"line":6,"column":35},"end":{"line":8,"column":1}},"line":6},"1":{"name":"(anonymous_1)","decl":{"start":{"line":15,"column":23},"end":{"line":15,"column":24}},"loc":{"start":{"line":15,"column":44},"end":{"line":17,"column":1}},"line":15}},"branchMap":{"0":{"loc":{"start":{"line":16,"column":9},"end":{"line":16,"column":58}},"type":"binary-expr","locations":[{"start":{"line":16,"column":9},"end":{"line":16,"column":38}},{"start":{"line":16,"column":42},"end":{"line":16,"column":58}}],"line":16}},"s":{"0":3,"1":8,"2":3,"3":16,"4":3},"f":{"0":8,"1":16},"b":{"0":[16,16]},"_coverageSchema":"43e27e138ebf9cfc5966b082cf9a028302ed4184","hash":"beec4bf65f9555a234fdcf8a9a96f6b41881dda9"}
}
