TN:
SF:C:\git_projects\vanilla-delegation\vanilla-delegation.js
FN:4,(anonymous_0)
FNF:1
FNH:1
FNDA:1,(anonymous_0)
DA:1,1
DA:2,1
DA:4,1
DA:5,1
DA:6,1
DA:7,1
DA:8,1
LF:7
LH:7
BRF:0
BRH:0
end_of_record
TN:
SF:C:\git_projects\vanilla-delegation\src\addDelegateListener.js
FN:11,_addDelegateListenerInternal
FN:46,addDelegateListener
FNF:2
FNH:2
FNDA:7,_addDelegateListenerInternal
FNDA:7,addDelegateListener
DA:1,2
DA:2,2
DA:11,2
DA:12,7
DA:18,7
DA:19,1
DA:22,1
DA:25,6
DA:27,6
DA:29,6
DA:31,6
DA:33,6
DA:46,2
DA:47,7
DA:48,1
DA:49,1
DA:52,6
DA:53,2
DA:54,2
DA:55,4
DA:57,2
DA:60,4
DA:61,3
DA:62,3
DA:65,1
DA:68,2
LF:26
LH:26
BRDA:18,0,0,1
BRDA:18,0,1,6
BRDA:18,1,0,7
BRDA:18,1,1,1
BRDA:29,2,0,6
BRDA:29,2,1,0
BRDA:31,3,0,0
BRDA:31,3,1,6
BRDA:46,4,0,0
BRDA:47,5,0,1
BRDA:47,5,1,6
BRDA:47,6,0,7
BRDA:47,6,1,6
BRDA:47,6,2,6
BRDA:52,7,0,2
BRDA:52,7,1,4
BRDA:52,8,0,6
BRDA:52,8,1,5
BRDA:60,9,0,3
BRDA:60,9,1,1
BRF:20
BRH:17
end_of_record
TN:
SF:C:\git_projects\vanilla-delegation\src\removeDelegateListener.js
FN:10,removeDelegateListener
FNF:1
FNH:1
FNDA:2,removeDelegateListener
DA:1,2
DA:10,2
DA:11,2
DA:12,1
DA:13,1
DA:16,1
DA:22,1
DA:23,1
DA:24,1
DA:28,2
LF:10
LH:10
BRDA:10,0,0,1
BRDA:11,1,0,1
BRDA:11,1,1,1
BRDA:11,2,0,2
BRDA:11,2,1,1
BRDA:11,2,2,1
BRDA:11,2,3,1
BRDA:22,3,0,1
BRDA:22,3,1,0
BRDA:22,4,0,1
BRDA:22,4,1,1
BRF:11
BRH:10
end_of_record
TN:
SF:C:\git_projects\vanilla-delegation\src\utils\_createInternalHandler.js
FN:9,(anonymous_0)
FN:11,(anonymous_1)
FNF:2
FNH:2
FNDA:8,(anonymous_0)
FNDA:2,(anonymous_1)
DA:1,3
DA:9,3
DA:11,8
DA:13,2
DA:15,2
DA:17,1
DA:18,1
DA:24,3
LF:8
LH:8
BRDA:15,0,0,1
BRDA:15,0,1,1
BRF:2
BRH:2
end_of_record
TN:
SF:C:\git_projects\vanilla-delegation\src\utils\_getMatchedElement.js
FN:15,(anonymous_0)
FNF:1
FNH:1
FNDA:3,(anonymous_0)
DA:5,4
DA:6,0
DA:15,4
DA:17,3
DA:19,3
DA:20,8
DA:23,2
DA:26,4
LF:8
LH:7
BRDA:5,0,0,0
BRDA:5,0,1,4
BRDA:6,1,0,0
BRDA:6,1,1,0
BRDA:19,2,0,10
BRDA:19,2,1,9
BRDA:19,2,2,9
BRDA:20,3,0,1
BRDA:20,3,1,7
BRDA:23,4,0,0
BRDA:23,4,1,2
BRDA:23,5,0,2
BRDA:23,5,1,1
BRF:13
BRH:9
end_of_record
TN:
SF:C:\git_projects\vanilla-delegation\src\utils\utils.js
FN:6,(anonymous_0)
FN:15,(anonymous_1)
FNF:2
FNH:2
FNDA:8,(anonymous_0)
FNDA:16,(anonymous_1)
DA:6,3
DA:7,8
DA:15,3
DA:16,16
DA:19,3
LF:5
LH:5
BRDA:16,0,0,16
BRDA:16,0,1,16
BRF:2
BRH:2
end_of_record
